<?xml version="1.0" encoding="UTF-8"?>
<!-- Generated by org.testng.reporters.JUnitReportReporter -->
<testsuite skipped="0" hostname="DESKTOP-UG1QTN6" name="SeleniumGridPackage.GridExampleTest" tests="1" failures="0" timestamp="05 Jul 2018 17:53:03 GMT" time="5.225" errors="0">
  <testcase name="testGooglePageTitleInIEBrowser" time="5.225" classname="SeleniumGridPackage.GridExampleTest"/>
</testsuite> <!-- SeleniumGridPackage.GridExampleTest -->
